f:\mfc\文件对话框打开与保存\mfcd\x64\debug\opencv.pch
f:\mfc\文件对话框打开与保存\mfcd\x64\debug\vc141.pdb
f:\mfc\文件对话框打开与保存\mfcd\x64\debug\vc141.idb
f:\mfc\文件对话框打开与保存\mfcd\x64\debug\stdafx.obj
f:\mfc\文件对话框打开与保存\mfcd\x64\debug\mfcddlg.obj
f:\mfc\文件对话框打开与保存\mfcd\x64\debug\mfcd.obj
f:\mfc\文件对话框打开与保存\x64\debug\opencv.exe
f:\mfc\文件对话框打开与保存\x64\debug\opencv.ilk
f:\mfc\文件对话框打开与保存\x64\debug\opencv.pdb
f:\mfc\文件对话框打开与保存\mfcd\x64\debug\mfcd.res
f:\mfc\文件对话框打开与保存\mfcd\x64\debug\mfcd.pch
f:\mfc\文件对话框打开与保存\mfcd\x64\debug\opencv.tlog\cl.command.1.tlog
f:\mfc\文件对话框打开与保存\mfcd\x64\debug\opencv.tlog\cl.read.1.tlog
f:\mfc\文件对话框打开与保存\mfcd\x64\debug\opencv.tlog\cl.write.1.tlog
f:\mfc\文件对话框打开与保存\mfcd\x64\debug\opencv.tlog\link.command.1.tlog
f:\mfc\文件对话框打开与保存\mfcd\x64\debug\opencv.tlog\link.read.1.tlog
f:\mfc\文件对话框打开与保存\mfcd\x64\debug\opencv.tlog\link.write.1.tlog
f:\mfc\文件对话框打开与保存\mfcd\x64\debug\opencv.tlog\rc.command.1.tlog
f:\mfc\文件对话框打开与保存\mfcd\x64\debug\opencv.tlog\rc.read.1.tlog
f:\mfc\文件对话框打开与保存\mfcd\x64\debug\opencv.tlog\rc.write.1.tlog
