f:\mfc\图片处理opencv版\src\opencv.pch
f:\mfc\图片处理opencv版\src\vc141.pdb
f:\mfc\图片处理opencv版\src\vc141.idb
f:\mfc\图片处理opencv版\src\stdafx.obj
f:\mfc\图片处理opencv版\src\mfcddlg.obj
f:\mfc\图片处理opencv版\src\mfcd.obj
f:\mfc\图片处理opencv版\bin\opencv.exe
f:\mfc\图片处理opencv版\bin\opencv.ilk
f:\mfc\图片处理opencv版\bin\opencv.pdb
f:\mfc\图片处理opencv版\src\mfcd.res
f:\mfc\图片处理opencv版\src\..\bin\opencv.pdb
f:\mfc\图片处理opencv版\mfcd\..\bin\opencv.exe
f:\mfc\图片处理opencv版\src\..\bin\opencv.ilk
f:\mfc\图片处理opencv版\src\opencv.tlog\cl.command.1.tlog
f:\mfc\图片处理opencv版\src\opencv.tlog\cl.read.1.tlog
f:\mfc\图片处理opencv版\src\opencv.tlog\cl.write.1.tlog
f:\mfc\图片处理opencv版\src\opencv.tlog\link.command.1.tlog
f:\mfc\图片处理opencv版\src\opencv.tlog\link.read.1.tlog
f:\mfc\图片处理opencv版\src\opencv.tlog\link.write.1.tlog
f:\mfc\图片处理opencv版\src\opencv.tlog\rc.command.1.tlog
f:\mfc\图片处理opencv版\src\opencv.tlog\rc.read.1.tlog
f:\mfc\图片处理opencv版\src\opencv.tlog\rc.write.1.tlog
